-------------------------------------------------------------------------------
Test set: com.sap.cloud.sdk.tutorial.AccountServletTest
-------------------------------------------------------------------------------
Tests run: 1, Failures: 1, Errors: 0, Skipped: 0, Time elapsed: 15.637 s <<< FAILURE! - in com.sap.cloud.sdk.tutorial.AccountServletTest
testService(com.sap.cloud.sdk.tutorial.AccountServletTest)  Time elapsed: 5.691 s  <<< FAILURE!
java.lang.AssertionError: 
1 expectation failed.
JSON path $ doesn't match.
Expected: a collection with size a value greater than <0>
  Actual: []

	at com.sap.cloud.sdk.tutorial.AccountServletTest.testService(AccountServletTest.java:62)

