<?xml version="1.0" encoding="UTF-8"?>
<testsuite xmlns:xsi="http://www.w3.org/2001/XMLSchema-instance" xsi:noNamespaceSchemaLocation="https://maven.apache.org/surefire/maven-surefire-plugin/xsd/surefire-test-report.xsd" name="com.sap.cloud.sdk.tutorial.AccountServletTest" time="15.637" tests="1" errors="0" skipped="0" failures="1">
  <properties>
[...]
</properties>
  <testcase name="testService" classname="com.sap.cloud.sdk.tutorial.AccountServletTest" time="5.691">
    <failure message="1 expectation failed.&#10;JSON path $ doesn&apos;t match.&#10;Expected: a collection with size a value greater than &lt;0&gt;&#10;  Actual: []&#10;" type="java.lang.AssertionError"><![CDATA[java.lang.AssertionError: 
1 expectation failed.
JSON path $ doesn't match.
Expected: a collection with size a value greater than <0>
  Actual: []

	at com.sap.cloud.sdk.tutorial.AccountServletTest.testService(AccountServletTest.java:62)
]]></failure>
    <system-err><![CDATA[May 02, 2018 1:59:27 PM org.apache.tomee.embedded.Container start
INFO: Starting TomEE from: C:\firstapp\integration-tests\target\arquillian-working-dir\1\arquillian-apache-tomee
May 02, 2018 1:59:27 PM org.apache.coyote.AbstractProtocol init
INFO: Initializing ProtocolHandler ["http-bio-63325"]
May 02, 2018 1:59:27 PM org.apache.catalina.core.StandardService startInternal
INFO: Starting service Tomcat
May 02, 2018 1:59:27 PM org.apache.catalina.core.StandardEngine startInternal
INFO: Starting Servlet Engine: Apache Tomcat/7.0.81
May 02, 2018 1:59:27 PM org.apache.coyote.AbstractProtocol start
INFO: Starting ProtocolHandler ["http-bio-63325"]
May 02, 2018 1:59:28 PM org.apache.openejb.util.OptionsLog info
INFO: Using 'openejb.jdbc.datasource-creator=org.apache.tomee.jdbc.TomEEDataSourceCreator'
May 02, 2018 1:59:28 PM org.apache.openejb.OpenEJB$Instance <init>
INFO: ********************************************************************************
May 02, 2018 1:59:28 PM org.apache.openejb.OpenEJB$Instance <init>
INFO: OpenEJB http://tomee.apache.org/
May 02, 2018 1:59:28 PM org.apache.openejb.OpenEJB$Instance <init>
INFO: Startup: Wed May 02 13:59:28 IST 2018
May 02, 2018 1:59:28 PM org.apache.openejb.OpenEJB$Instance <init>
INFO: Copyright 1999-2015 (C) Apache OpenEJB/TomEE Project, All Rights Reserved.
May 02, 2018 1:59:28 PM org.apache.openejb.OpenEJB$Instance <init>
INFO: Version: 4.7.5
May 02, 2018 1:59:28 PM org.apache.openejb.OpenEJB$Instance <init>
INFO: Build date: 20170927
May 02, 2018 1:59:28 PM org.apache.openejb.OpenEJB$Instance <init>
INFO: Build time: 12:02
May 02, 2018 1:59:28 PM org.apache.openejb.OpenEJB$Instance <init>
INFO: ********************************************************************************
May 02, 2018 1:59:28 PM org.apache.openejb.OpenEJB$Instance <init>
INFO: openejb.home = C:\firstapp\integration-tests\target\arquillian-working-dir\1\arquillian-apache-tomee
May 02, 2018 1:59:28 PM org.apache.openejb.OpenEJB$Instance <init>
INFO: openejb.base = C:\firstapp\integration-tests\target\arquillian-working-dir\1\arquillian-apache-tomee
May 02, 2018 1:59:28 PM org.apache.openejb.cdi.CdiBuilder initializeOWB
INFO: Created new singletonService org.apache.openejb.cdi.ThreadSingletonServiceImpl@15844237
May 02, 2018 1:59:28 PM org.apache.openejb.cdi.CdiBuilder initializeOWB
INFO: Succeeded in installing singleton service
May 02, 2018 1:59:29 PM org.apache.openejb.config.ConfigurationFactory init
INFO: openejb configuration file is 'C:\firstapp\integration-tests\target\arquillian-working-dir\1\arquillian-apache-tomee\conf\openejb.xml'
May 02, 2018 1:59:29 PM org.apache.openejb.config.ConfigurationFactory configureService
INFO: Configuring Service(id=Tomcat Security Service, type=SecurityService, provider-id=Tomcat Security Service)
May 02, 2018 1:59:29 PM org.apache.openejb.config.ConfigurationFactory configureService
INFO: Configuring Service(id=Default Transaction Manager, type=TransactionManager, provider-id=Default Transaction Manager)
May 02, 2018 1:59:29 PM org.apache.openejb.util.OptionsLog info
INFO: Using 'openejb.system.apps=false'
May 02, 2018 1:59:29 PM org.apache.openejb.util.OptionsLog info
INFO: Using 'openejb.deployments.classpath=false'
May 02, 2018 1:59:29 PM org.apache.openejb.assembler.classic.Assembler createRecipe
INFO: Creating TransactionManager(id=Default Transaction Manager)
May 02, 2018 1:59:29 PM org.apache.openejb.assembler.classic.Assembler createRecipe
INFO: Creating SecurityService(id=Tomcat Security Service)
May 02, 2018 1:59:29 PM org.apache.openejb.util.OptionsLog info
INFO: Using 'openejb.servicemanager.enabled=false'
May 02, 2018 1:59:30 PM com.sap.cloud.sdk.cloudplatform.logging.CloudLoggerFactory$CloudLogger info
INFO: Successfully invalidated 0 entries in 0 caches.
May 02, 2018 1:59:30 PM com.netflix.config.sources.URLConfigurationSource <init>
WARNING: No URLs will be polled as dynamic configuration sources.
May 02, 2018 1:59:30 PM com.netflix.config.sources.URLConfigurationSource <init>
INFO: To enable URLs as dynamic configuration sources, define System property archaius.configurationSource.additionalUrls or make config.properties available on classpath.
May 02, 2018 1:59:31 PM org.apache.openejb.util.JarExtractor extract
INFO: Extracting jar: C:\firstapp\integration-tests\target\arquillian-working-dir\1\arquillian-tomee-app-working-dir\0\05e4d392-d0e9-43b7-9723-782021b925f2.war
May 02, 2018 1:59:31 PM org.apache.openejb.util.JarExtractor extract
INFO: Extracted path: C:\firstapp\integration-tests\target\arquillian-working-dir\1\arquillian-tomee-app-working-dir\0\05e4d392-d0e9-43b7-9723-782021b925f2
May 02, 2018 1:59:31 PM org.apache.tomee.catalina.TomcatWebAppBuilder deployWebApps
INFO: using default host: localhost
May 02, 2018 1:59:31 PM org.apache.tomee.catalina.TomcatWebAppBuilder init
INFO: ------------------------- localhost -> /05e4d392-d0e9-43b7-9723-782021b925f2
May 02, 2018 1:59:32 PM org.apache.openejb.config.ConfigurationFactory configureApplication
INFO: Configuring enterprise application: C:\firstapp\integration-tests\target\arquillian-working-dir\1\arquillian-tomee-app-working-dir\0\05e4d392-d0e9-43b7-9723-782021b925f2
May 02, 2018 1:59:33 PM com.sap.cloud.sdk.cloudplatform.logging.CloudLoggerFactory$CloudLogger info
INFO: Successfully invalidated 0 entries in 0 caches.
May 02, 2018 1:59:33 PM com.netflix.config.sources.URLConfigurationSource <init>
WARNING: No URLs will be polled as dynamic configuration sources.
May 02, 2018 1:59:33 PM com.netflix.config.sources.URLConfigurationSource <init>
INFO: To enable URLs as dynamic configuration sources, define System property archaius.configurationSource.additionalUrls or make config.properties available on classpath.
May 02, 2018 1:59:33 PM org.apache.openejb.config.ConfigurationFactory configureService
INFO: Configuring Service(id=Default Managed Container, type=Container, provider-id=Default Managed Container)
May 02, 2018 1:59:33 PM org.apache.openejb.config.AutoConfig createContainer
INFO: Auto-creating a container for bean 05e4d392-d0e9-43b7-9723-782021b925f2_com.sap.cloud.sdk.tutorial.AccountServletTest: Container(type=MANAGED, id=Default Managed Container)
May 02, 2018 1:59:33 PM org.apache.openejb.assembler.classic.Assembler createRecipe
INFO: Creating Container(id=Default Managed Container)
May 02, 2018 1:59:33 PM org.apache.openejb.core.managed.SimplePassivater init
INFO: Using directory C:\firstapp\integration-tests\target\arquillian-working-dir\1 for stateful session passivation
May 02, 2018 1:59:33 PM org.apache.openejb.config.AppInfoBuilder build
INFO: Enterprise application "C:\firstapp\integration-tests\target\arquillian-working-dir\1\arquillian-tomee-app-working-dir\0\05e4d392-d0e9-43b7-9723-782021b925f2" loaded.
May 02, 2018 1:59:33 PM org.apache.openejb.assembler.classic.Assembler createApplication
INFO: Assembling app: C:\firstapp\integration-tests\target\arquillian-working-dir\1\arquillian-tomee-app-working-dir\0\05e4d392-d0e9-43b7-9723-782021b925f2
May 02, 2018 1:59:33 PM org.apache.openejb.cdi.CdiBuilder initSingleton
INFO: Existing thread singleton service in SystemInstance(): org.apache.openejb.cdi.ThreadSingletonServiceImpl@15844237
May 02, 2018 1:59:33 PM org.apache.openejb.cdi.OpenEJBLifecycle startApplication
INFO: OpenWebBeans Container is starting...
May 02, 2018 1:59:33 PM org.apache.webbeans.plugins.PluginLoader startUp
INFO: Adding OpenWebBeansPlugin : [CdiPlugin]
May 02, 2018 1:59:33 PM org.apache.webbeans.plugins.PluginLoader startUp
INFO: Adding OpenWebBeansPlugin : [OpenWebBeansJsfPlugin]
May 02, 2018 1:59:33 PM org.apache.webbeans.config.BeansDeployer validateInjectionPoints
INFO: All injection points were validated successfully.
May 02, 2018 1:59:33 PM org.apache.openejb.cdi.OpenEJBLifecycle startApplication
INFO: OpenWebBeans Container has started, it took 157 ms.
May 02, 2018 1:59:33 PM org.apache.openejb.assembler.classic.Assembler createApplication
INFO: Deployed Application(path=C:\firstapp\integration-tests\target\arquillian-working-dir\1\arquillian-tomee-app-working-dir\0\05e4d392-d0e9-43b7-9723-782021b925f2)
May 02, 2018 1:59:34 PM com.sap.cloud.sdk.cloudplatform.logging.CloudLoggerFactory$CloudLogger info
INFO: Successfully added default listener: com.sap.cloud.sdk.cloudplatform.tenant.TenantRequestContextListener.
May 02, 2018 1:59:34 PM com.sap.cloud.sdk.cloudplatform.logging.CloudLoggerFactory$CloudLogger info
INFO: Successfully added default listener: com.sap.cloud.sdk.cloudplatform.connectivity.DestinationsRequestContextListener.
May 02, 2018 1:59:34 PM com.sap.cloud.sdk.cloudplatform.logging.CloudLoggerFactory$CloudLogger info
INFO: Successfully added default listener: com.sap.cloud.sdk.cloudplatform.security.user.UserRequestContextListener.
May 02, 2018 1:59:34 PM com.sap.cloud.sdk.cloudplatform.logging.CloudLoggerFactory$CloudLogger info
INFO: No RequestContextFactory configured. Falling back to DefaultRequestContextFactory.
May 02, 2018 1:59:35 PM com.sap.cloud.sdk.cloudplatform.logging.CloudLoggerFactory$CloudLogger warn
WARNING: Failed to look up implementation of DestinationFacade. Falling back to DefaultDestinationFacade.
May 02, 2018 1:59:35 PM com.sap.cloud.sdk.cloudplatform.logging.CloudLoggerFactory$CloudLogger info
INFO: Successfully loaded key store password.
May 02, 2018 1:59:35 PM com.sap.cloud.sdk.cloudplatform.logging.CloudLoggerFactory$CloudLogger info
INFO: Successfully loaded key store.
May 02, 2018 1:59:35 PM com.sap.cloud.sdk.cloudplatform.logging.CloudLoggerFactory$CloudLogger info
INFO: Successfully initialized private key.
May 02, 2018 1:59:35 PM com.sap.cloud.sdk.cloudplatform.logging.CloudLoggerFactory$CloudLogger info
INFO: Successfully initialized public certificate.
May 02, 2018 1:59:35 PM com.sap.cloud.sdk.cloudplatform.logging.CloudLoggerFactory$CloudLogger info
INFO: Successfully invalidated 0 entries in 0 caches.
May 02, 2018 1:59:35 PM com.sap.cloud.sdk.cloudplatform.logging.CloudLoggerFactory$CloudLogger info
INFO: Successfully invalidated 0 entries in 0 caches.
]]></system-err>
  </testcase>
</testsuite>